0 info it worked if it ends with ok
1 verbose cli [ '/usr/local/bin/node', '/usr/local/bin/npm', 'run', 'build' ]
2 info using npm@3.3.6
3 info using node@v5.0.0
4 verbose run-script [ 'prebuild', 'build', 'postbuild' ]
5 info lifecycle trackr@1.0.0~prebuild: trackr@1.0.0
6 silly lifecycle trackr@1.0.0~prebuild: no script for prebuild, continuing
7 info lifecycle trackr@1.0.0~build: trackr@1.0.0
8 verbose lifecycle trackr@1.0.0~build: unsafe-perm in lifecycle true
9 verbose lifecycle trackr@1.0.0~build: PATH: /usr/local/lib/node_modules/npm/bin/node-gyp-bin:/Users/pedrolucasp/Projects/trackr/node_modules/.bin:/Users/pedrolucasp/.rvm/gems/ruby-1.9.3-p551/bin:/Users/pedrolucasp/.rvm/gems/ruby-1.9.3-p551@global/bin:/Users/pedrolucasp/.rvm/rubies/ruby-1.9.3-p551/bin:/usr/local/bin:/usr/bin:/bin:/usr/sbin:/sbin:/Users/pedrolucasp/.rvm/bin:/Users/pedrolucasp/Library/Android/sdk/platform-tools:/Users/pedrolucasp/Library/Android/sdk/tools:/Users/pedrolucasp/.composer/vendor/bin:/usr/local/opt/go/libexec/bin
10 verbose lifecycle trackr@1.0.0~build: CWD: /Users/pedrolucasp/Projects/trackr
11 silly lifecycle trackr@1.0.0~build: Args: [ '-c', 'gulp build && npm run start' ]
12 silly lifecycle trackr@1.0.0~build: Returned: code: 1  signal: null
13 info lifecycle trackr@1.0.0~build: Failed to exec build script
14 verbose stack Error: trackr@1.0.0 build: `gulp build && npm run start`
14 verbose stack Exit status 1
14 verbose stack     at EventEmitter.<anonymous> (/usr/local/lib/node_modules/npm/lib/utils/lifecycle.js:233:16)
14 verbose stack     at emitTwo (events.js:87:13)
14 verbose stack     at EventEmitter.emit (events.js:172:7)
14 verbose stack     at ChildProcess.<anonymous> (/usr/local/lib/node_modules/npm/lib/utils/spawn.js:24:14)
14 verbose stack     at emitTwo (events.js:87:13)
14 verbose stack     at ChildProcess.emit (events.js:172:7)
14 verbose stack     at maybeClose (internal/child_process.js:818:16)
14 verbose stack     at Process.ChildProcess._handle.onexit (internal/child_process.js:211:5)
15 verbose pkgid trackr@1.0.0
16 verbose cwd /Users/pedrolucasp/Projects/trackr
17 error Darwin 15.6.0
18 error argv "/usr/local/bin/node" "/usr/local/bin/npm" "run" "build"
19 error node v5.0.0
20 error npm  v3.3.6
21 error code ELIFECYCLE
22 error trackr@1.0.0 build: `gulp build && npm run start`
22 error Exit status 1
23 error Failed at the trackr@1.0.0 build script 'gulp build && npm run start'.
23 error This is most likely a problem with the trackr package,
23 error not with npm itself.
23 error Tell the author that this fails on your system:
23 error     gulp build && npm run start
23 error You can get their info via:
23 error     npm owner ls trackr
23 error There is likely additional logging output above.
24 verbose exit [ 1, true ]
